<?xml version="1.0" encoding="utf-8"?><testsuites><testsuite name="pytest" errors="0" failures="0" skipped="0" tests="3" time="0.367" timestamp="2024-06-08T04:53:44.860139" hostname="8de8b09996a1"><testcase classname="tests.test_prediction" name="test_single_pred_not_none" time="0.006" /><testcase classname="tests.test_prediction" name="test_single_pred_str_type" time="0.005" /><testcase classname="tests.test_prediction" name="test_single_pred_validate" time="0.005" /></testsuite></testsuites>